<?xml version="1.0" encoding="UTF-8"?>
<!-- Generated by org.testng.reporters.JUnitReportReporter -->
<testsuite hostname="WSAMZN-AO2UGDUI" failures="0" tests="1" name="TestClasses.LevelControlFunctionality" time="60.206" errors="0" timestamp="2023-01-06T06:47:35 UTC" skipped="0">
  <testcase classname="TestClasses.LevelControlFunctionality" name="verifyAddLevelFunctionality" time="60.206"/>
  <system-out/>
</testsuite> <!-- TestClasses.LevelControlFunctionality -->
