<?xml version="1.0" encoding="UTF-8"?>
<!-- Generated by org.testng.reporters.JUnitReportReporter -->
<testsuite hostname="WSAMZN-AO2UGDUI" failures="0" tests="1" name="TestClasses.NewsFunctionality" time="1.900" errors="0" timestamp="2023-01-04T10:47:04 UTC" skipped="0">
  <testcase classname="TestClasses.NewsFunctionality" name="verifyHeaderFunctionality" time="1.900"/>
  <system-out/>
</testsuite> <!-- TestClasses.NewsFunctionality -->
