<?xml version="1.0" encoding="UTF-8"?>
<!-- Generated by org.testng.reporters.JUnitReportReporter -->
<testsuite hostname="WSAMZN-AO2UGDUI" failures="0" tests="8" name="TestClasses.HomePageFunctionality" time="23.070" errors="0" timestamp="2023-01-09T09:26:40 IST" skipped="0">
  <testcase classname="TestClasses.HomePageFunctionality" name="verifyHeaderFunctionality" time="1.931"/>
  <system-out/>
  <testcase classname="TestClasses.HomePageFunctionality" name="verifyDateTimeFunctionality" time="0.341"/>
  <system-out/>
  <testcase classname="TestClasses.HomePageFunctionality" name="verifyMultilingualLogoFunctionality" time="0.880"/>
  <system-out/>
  <testcase classname="TestClasses.HomePageFunctionality" name="verifyProfileFunctionality" time="2.784"/>
  <system-out/>
  <testcase classname="TestClasses.HomePageFunctionality" name="verifyNOChangePasswordFunctionality" time="3.834"/>
  <system-out/>
  <testcase classname="TestClasses.HomePageFunctionality" name="verifyWrongPasswordFunctionality" time="4.094"/>
  <system-out/>
  <testcase classname="TestClasses.HomePageFunctionality" name="verifyChangePasswordFunctionality" time="3.853"/>
  <system-out/>
  <testcase classname="TestClasses.HomePageFunctionality" name="verifyLogoutFunctionality" time="5.353"/>
  <system-out/>
</testsuite> <!-- TestClasses.HomePageFunctionality -->
