<?xml version="1.0" encoding="UTF-8"?>
<!-- Generated by org.testng.reporters.JUnitReportReporter -->
<testsuite hostname="WSAMZN-AO2UGDUI" failures="0" tests="1" name="TestClasses.LoginFunctionality" time="36.524" errors="0" timestamp="2022-12-29T12:49:07 IST" skipped="0">
  <testcase classname="TestClasses.LoginFunctionality" name="verifyLoginFunctionality" time="36.524"/>
  <system-out/>
</testsuite> <!-- TestClasses.LoginFunctionality -->
