<?xml version="1.0" encoding="UTF-8"?>
<!-- Generated by org.testng.reporters.JUnitReportReporter -->
<testsuite hostname="WSAMZN-AO2UGDUI" failures="0" tests="6" name="TestClasses.HomePageFunctionality" time="15.587" errors="0" timestamp="2023-01-05T05:09:13 UTC" skipped="0">
  <testcase classname="TestClasses.HomePageFunctionality" name="verifyHeaderFunctionality" time="1.987"/>
  <system-out/>
  <testcase classname="TestClasses.HomePageFunctionality" name="verifyDateTimeFunctionality" time="0.409"/>
  <system-out/>
  <testcase classname="TestClasses.HomePageFunctionality" name="verifyMultilingualLogoFunctionality" time="0.924"/>
  <system-out/>
  <testcase classname="TestClasses.HomePageFunctionality" name="verifyProfileFunctionality" time="1.951"/>
  <system-out/>
  <testcase classname="TestClasses.HomePageFunctionality" name="verifyChangePasswordFunctionality" time="4.914"/>
  <system-out/>
  <testcase classname="TestClasses.HomePageFunctionality" name="verifyLogoutFunctionality" time="5.402"/>
  <system-out/>
</testsuite> <!-- TestClasses.HomePageFunctionality -->
